Not Found: /img/texel.jpg
Not Found: /img/texel.jpg
Not Found: /favicon.ico
Not Found: /media/proef-zoetwaterberging/proefperceel/buurperceel/thumbnails/kok-sloot/series/1-conductivity.png
Not Found: /media/proef-zoetwaterberging/proefperceel/hoofdperceel/thumbnails/kok-pb3/series/1-conductivity.png
Not Found: /media/proef-zoetwaterberging/proefperceel/pompput/thumbnails/nmcpro-historisch/series/analog-sensor-120130628.png
Not Found: /media/proef-zoetwaterberging/proefperceel/pompput/thumbnails/nmcpro-historisch/series/analog_sensor_220140519.png
Not Found: /media/proef-zoetwaterberging/proefperceel/pompput/thumbnails/nmcpro-historisch/series/analog_sensor_120140519.png
Not Found: /media/proef-zoetwaterberging/proefperceel/pompput/thumbnails/nmcpro-historisch/series/analog-sensor-220130628.png
Not Found: /media/proef-zoetwaterberging/proefperceel/pompput/thumbnails/nmcpro/series/bassin-niveau.png
Not Found: /media/proef-zoetwaterberging/proefperceel/referentie-veld/thumbnails/koenders-s4989-2014/series/batterij.png
Not Found: /media/
Not Found: /media/proef-zoetwaterberging/proefperceel/hoofdperceel/thumbnails/koenders-s4987/series/channel4.png
Not Found: /media/proef-zoetwaterberging/proefperceel/hoofdperceel/thumbnails/koenders-s4989/series/batterij.png
Not Found: /media/proef-zoetwaterberging/proefperceel/drainage-infiltratie/thumbnails/koenders-s4987-2014/series/batterij.png
Not Found: /media/proef-zoetwaterberging/proefperceel/buurperceel/thumbnails/kok-sloot/series/1-conductivity.png
Not Found: /media/proef-zoetwaterberging/proefperceel/hoofdperceel/thumbnails/kok-pb3/series/1-conductivity.png
Not Found: /media/proef-zoetwaterberging/proefperceel/pompput/thumbnails/nmcpro-historisch/series/analog-sensor-220130628.png
Not Found: /media/proef-zoetwaterberging/proefperceel/pompput/thumbnails/nmcpro-historisch/series/analog-sensor-120130628.png
Not Found: /media/proef-zoetwaterberging/proefperceel/pompput/thumbnails/nmcpro-historisch/series/analog_sensor_120140519.png
Not Found: /media/proef-zoetwaterberging/proefperceel/pompput/thumbnails/nmcpro-historisch/series/analog_sensor_220140519.png
Not Found: /media/proef-zoetwaterberging/proefperceel/buurperceel/thumbnails/koenders-kok/series/channel1.png
Not Found: /media/proef-zoetwaterberging/proefperceel/buurperceel/thumbnails/koenders-kok/series/channel4.png
Not Found: /media/proef-zoetwaterberging/proefperceel/pompput/thumbnails/nmcpro/series/dglsrgn.png
Not Found: /media/proef-zoetwaterberging/proefperceel/buurperceel/thumbnails/koenders-kok/series/channel5.png
Not Found: /media/proef-zoetwaterberging/proefperceel/drainage-infiltratie/thumbnails/bodemvocht-di-2014/series/di-1-ec-10cm.png
Not Found: /media/proef-zoetwaterberging/proefperceel/drainage-infiltratie/thumbnails/bodemvocht-di-2014/series/di-1-ec-20cm.png
Not Found: /media/proef-zoetwaterberging/proefperceel/drainage-infiltratie/thumbnails/bodemvocht-di-2014/series/di-1-ec-30cm.png
Not Found: /media/proef-zoetwaterberging/proefperceel/drainage-infiltratie/thumbnails/bodemvocht-di-2014/series/di-1-temp-10cm.png
Not Found: /media/proef-zoetwaterberging/proefperceel/drainage-infiltratie/thumbnails/bodemvocht-di-2014/series/di-1-temp-20cm.png
Not Found: /media/proef-zoetwaterberging/proefperceel/drainage-infiltratie/thumbnails/bodemvocht-di-2014/series/di-1-temp-30cm.png
Not Found: /media/proef-zoetwaterberging/proefperceel/drainage-infiltratie/thumbnails/bodemvocht-di-2014/series/di-1-vocht-10cm.png
Not Found: /media/proef-zoetwaterberging/proefperceel/drainage-infiltratie/thumbnails/bodemvocht-di-2014/series/di-1-vocht-20cm.png
Not Found: /media/proef-zoetwaterberging/proefperceel/drainage-infiltratie/thumbnails/bodemvocht-di-2014/series/di-1-vocht-30cm.png
Not Found: /media/proef-zoetwaterberging/proefperceel/drainage-infiltratie/thumbnails/bodemvocht-di-2014/series/di-2-ec-10cm.png
Not Found: /media/proef-zoetwaterberging/proefperceel/drainage-infiltratie/thumbnails/bodemvocht-di-2014/series/di-2-ec-30cm.png
Not Found: /media/proef-zoetwaterberging/proefperceel/drainage-infiltratie/thumbnails/bodemvocht-di-2014/series/di-2-ec-20cm.png
Not Found: /media/proef-zoetwaterberging/proefperceel/drainage-infiltratie/thumbnails/bodemvocht-di-2014/series/di-2-temp-10cm.png
Not Found: /media/proef-zoetwaterberging/proefperceel/drainage-infiltratie/thumbnails/bodemvocht-di-2014/series/di-2-temp-20cm.png
Not Found: /media/proef-zoetwaterberging/proefperceel/drainage-infiltratie/thumbnails/bodemvocht-di-2014/series/di-2-temp-30cm.png
Not Found: /media/proef-zoetwaterberging/proefperceel/drainage-infiltratie/thumbnails/bodemvocht-di-2014/series/di-2-vocht-10cm.png
Not Found: /media/proef-zoetwaterberging/proefperceel/drainage-infiltratie/thumbnails/bodemvocht-di-2014/series/di-2-vocht-20cm.png
Not Found: /media/proef-zoetwaterberging/proefperceel/drainage-infiltratie/thumbnails/bodemvocht-di-2014/series/di-2-vocht-30cm.png
Not Found: /media/proef-zoetwaterberging/proefperceel/pompput/thumbnails/nmcpro/series/drain-niveau.png
Not Found: /media/proef-zoetwaterberging/proefperceel/druppelbevloeiing/thumbnails/koenders-s4990-2014/series/drip-batterij.png
Not Found: /media/proef-zoetwaterberging/proefperceel/druppelbevloeiing/thumbnails/koenders-s4990-2014/series/drip-pb1.png
Not Found: /media/proef-zoetwaterberging/proefperceel/druppelbevloeiing/thumbnails/koenders-s4990-2014/series/drip-pb2.png
Not Found: /media/proef-zoetwaterberging/proefperceel/pompput/thumbnails/berekend/series/druppelbevloeiing-2013.png
Not Found: /media/proef-zoetwaterberging/proefperceel/pompput/thumbnails/berekend/series/druppelbevloeiing-2014.png
Not Found: /media/proef-zoetwaterberging/proefperceel/pompput/thumbnails/berekend/series/druppelbevloeiing-2013-cumulatief.png
Not Found: /media/proef-zoetwaterberging/proefperceel/pompput/thumbnails/berekend/series/druppelbevloeiing-2014-cumulatief.png
Not Found: /media/proef-zoetwaterberging/proefperceel/pompput/thumbnails/nmcpro/series/ec-drainwater.png
Not Found: /media/proef-zoetwaterberging/proefperceel/pompput/thumbnails/nmcpro/series/ec-drainwater-secondair.png
Not Found: /media/proef-zoetwaterberging/proefperceel/pompput/thumbnails/berekend/series/ec-grenswaarde.png
Not Found: /media/proef-zoetwaterberging/schermer/perceel1/thumbnails/bodemvocht-schermer-2013/series/ec-in-drain-10.png
Not Found: /media/proef-zoetwaterberging/schermer/perceel1/thumbnails/bodemvocht-schermer-2014/series/ec-in-drain-10.png
Not Found: /media/proef-zoetwaterberging/schermer/perceel1/thumbnails/bodemvocht-schermer-2014/series/ec-in-drain-30.png
Not Found: /media/proef-zoetwaterberging/schermer/perceel1/thumbnails/bodemvocht-schermer-2014/series/ec-in-drain-20.png
Not Found: /media/proef-zoetwaterberging/schermer/perceel1/thumbnails/bodemvocht-schermer-2013/series/ec-in-drain-30.png
Not Found: /media/proef-zoetwaterberging/schermer/perceel1/thumbnails/bodemvocht-schermer-2013/series/ec-in-drain-20.png
Not Found: /media/proef-zoetwaterberging/schermer/perceel1/thumbnails/bodemvocht-schermer-2013/series/ec-uit-drain-10.png
Not Found: /media/proef-zoetwaterberging/schermer/perceel1/thumbnails/bodemvocht-schermer-2013/series/ec-uit-drain-20.png
Not Found: /media/proef-zoetwaterberging/schermer/perceel1/thumbnails/bodemvocht-schermer-2014/series/ec-uit-drain-10.png
Not Found: /media/proef-zoetwaterberging/schermer/perceel1/thumbnails/bodemvocht-schermer-2014/series/ec-uit-drain-20.png
Not Found: /media/proef-zoetwaterberging/schermer/perceel1/thumbnails/bodemvocht-schermer-2014/series/ec-uit-drain-30.png
Not Found: /media/proef-zoetwaterberging/proefperceel/pompput/thumbnails/nmcpro-historisch/series/ec-voorr-sen20130502.png
Not Found: /media/proef-zoetwaterberging/schermer/perceel1/thumbnails/bodemvocht-schermer-2013/series/ec-uit-drain-30.png
Not Found: /media/proef-zoetwaterberging/proefperceel/pompput/thumbnails/nmcpro-historisch/series/ec-voorr-sen20130628.png
Not Found: /media/proef-zoetwaterberging/proefperceel/pompput/thumbnails/nmcpro-historisch/series/ec_sen20140519.png
Not Found: /media/proef-zoetwaterberging/proefperceel/pompput/thumbnails/nmcpro-historisch/series/ec_voorr_sen20140519.png
Not Found: /media/proef-zoetwaterberging/proefperceel/hoofdperceel/thumbnails/dagwaarden-meteostation-vlieland/series/ev24.png
Not Found: /media/proef-zoetwaterberging/proefperceel/fertigatie/thumbnails/bodemvocht-fertigatie-2014/series/irri-f-1-ec-10cm.png
Not Found: /media/proef-zoetwaterberging/proefperceel/fertigatie/thumbnails/bodemvocht-fertigatie-2014/series/irri-f-1-ec-20cm.png
Not Found: /media/proef-zoetwaterberging/proefperceel/fertigatie/thumbnails/bodemvocht-fertigatie-2014/series/irri-f-1-ec-30cm.png
Not Found: /media/proef-zoetwaterberging/proefperceel/fertigatie/thumbnails/bodemvocht-fertigatie-2014/series/irri-f-1-temp-10cm.png
Not Found: /media/proef-zoetwaterberging/proefperceel/fertigatie/thumbnails/bodemvocht-fertigatie-2014/series/irri-f-1-temp-30cm.png
Not Found: /media/proef-zoetwaterberging/proefperceel/fertigatie/thumbnails/bodemvocht-fertigatie-2014/series/irri-f-1-temp-20cm.png
Not Found: /media/proef-zoetwaterberging/proefperceel/fertigatie/thumbnails/bodemvocht-fertigatie-2014/series/irri-f-1-vocht-10cm.png
Not Found: /media/proef-zoetwaterberging/proefperceel/fertigatie/thumbnails/bodemvocht-fertigatie-2014/series/irri-f-1-vocht-20cm.png
Not Found: /media/proef-zoetwaterberging/proefperceel/fertigatie/thumbnails/bodemvocht-fertigatie-2014/series/irri-f-1-vocht-30cm.png
Not Found: /media/proef-zoetwaterberging/proefperceel/fertigatie/thumbnails/bodemvocht-fertigatie-2014/series/irri-f-2-ec-10cm.png
Not Found: /media/proef-zoetwaterberging/proefperceel/fertigatie/thumbnails/bodemvocht-fertigatie-2014/series/irri-f-2-ec-20cm.png
Not Found: /media/proef-zoetwaterberging/proefperceel/fertigatie/thumbnails/bodemvocht-fertigatie-2014/series/irri-f-2-ec-30cm.png
Not Found: /media/proef-zoetwaterberging/proefperceel/fertigatie/thumbnails/bodemvocht-fertigatie-2014/series/irri-f-2-temp-10cm.png
Not Found: /media/proef-zoetwaterberging/proefperceel/fertigatie/thumbnails/bodemvocht-fertigatie-2014/series/irri-f-2-temp-20cm.png
Not Found: /media/proef-zoetwaterberging/proefperceel/fertigatie/thumbnails/bodemvocht-fertigatie-2014/series/irri-f-2-temp-30cm.png
Not Found: /media/proef-zoetwaterberging/proefperceel/fertigatie/thumbnails/bodemvocht-fertigatie-2014/series/irri-f-2-vocht-10cm.png
Not Found: /media/proef-zoetwaterberging/proefperceel/fertigatie/thumbnails/bodemvocht-fertigatie-2014/series/irri-f-2-vocht-20cm.png
Not Found: /media/proef-zoetwaterberging/proefperceel/fertigatie/thumbnails/bodemvocht-fertigatie-2014/series/irri-f-2-vocht-30cm.png
Not Found: /media/proef-zoetwaterberging/proefperceel/druppelbevloeiing/thumbnails/bodemvocht-drip-2014/series/irri-1-ec-10cm.png
Not Found: /media/proef-zoetwaterberging/proefperceel/druppelbevloeiing/thumbnails/bodemvocht-drip-2014/series/irri-1-ec-20cm.png
Not Found: /media/
Not Found: /media/
